2017-11-15 16:15:49 [194.183.181.249][-][-][error][yii\db\Exception] exception 'PDOException' with message 'SQLSTATE[HY000] [1045] Access denied for user 'root'@'localhost' (using password: NO)' in /var/www/va/data/www/shop.gointeractive.com.ua/advanced/vendor/yiisoft/yii2/db/Connection.php:660
Stack trace:
#0 /var/www/va/data/www/shop.gointeractive.com.ua/advanced/vendor/yiisoft/yii2/db/Connection.php(660): PDO->__construct('mysql:host=loca...', 'root', '', NULL)
#1 /var/www/va/data/www/shop.gointeractive.com.ua/advanced/vendor/yiisoft/yii2/db/Connection.php(586): yii\db\Connection->createPdoInstance()
#2 /var/www/va/data/www/shop.gointeractive.com.ua/advanced/vendor/yiisoft/yii2/db/Connection.php(943): yii\db\Connection->open()
#3 /var/www/va/data/www/shop.gointeractive.com.ua/advanced/vendor/yiisoft/yii2/db/Connection.php(930): yii\db\Connection->getMasterPdo()
#4 /var/www/va/data/www/shop.gointeractive.com.ua/advanced/vendor/yiisoft/yii2/db/Command.php(243): yii\db\Connection->getSlavePdo()
#5 /var/www/va/data/www/shop.gointeractive.com.ua/advanced/vendor/yiisoft/yii2/db/Command.php(1062): yii\db\Command->prepare('<span class="ke...')
#6 /var/www/va/data/www/shop.gointeractive.com.ua/advanced/vendor/yiisoft/yii2/db/Command.php(386): yii\db\Command->queryInternal('<span class="st...', '<span class="ke...')
#7 /var/www/va/data/www/shop.gointeractive.com.ua/advanced/vendor/yiisoft/yii2/db/Query.php(217): yii\db\Command->queryAll()
#8 /var/www/va/data/www/shop.gointeractive.com.ua/advanced/vendor/yiisoft/yii2/db/ActiveQuery.php(133): yii\db\Query->all('<span class="ke...')
#9 /var/www/va/data/www/shop.gointeractive.com.ua/advanced/frontend/controllers/SiteController.php(45): yii\db\ActiveQuery->all()
#10 [internal function]: frontend\controllers\SiteController->actionIndex()
#11 /var/www/va/data/www/shop.gointeractive.com.ua/advanced/vendor/yiisoft/yii2/base/InlineAction.php(57): call_user_func_array('[<span class="t...', '[]')
#12 /var/www/va/data/www/shop.gointeractive.com.ua/advanced/vendor/yiisoft/yii2/base/Controller.php(157): yii\base\InlineAction->runWithParams('[]')
#13 /var/www/va/data/www/shop.gointeractive.com.ua/advanced/vendor/yiisoft/yii2/base/Module.php(528): yii\base\Controller->runAction('<span class="st...', '[]')
#14 /var/www/va/data/www/shop.gointeractive.com.ua/advanced/vendor/yiisoft/yii2/web/Application.php(103): yii\base\Module->runAction('<span class="st...', '[]')
#15 /var/www/va/data/www/shop.gointeractive.com.ua/advanced/vendor/yiisoft/yii2/base/Application.php(386): yii\web\Application->handleRequest(Object(yii\web\Request))
#16 /var/www/va/data/www/shop.gointeractive.com.ua/advanced/shop/web/index.php(18): yii\base\Application->run()
#17 {main}

Next exception 'yii\db\Exception' with message 'SQLSTATE[HY000] [1045] Access denied for user 'root'@'localhost' (using password: NO)' in /var/www/va/data/www/shop.gointeractive.com.ua/advanced/vendor/yiisoft/yii2/db/Connection.php:597
Stack trace:
#0 /var/www/va/data/www/shop.gointeractive.com.ua/advanced/vendor/yiisoft/yii2/db/Connection.php(943): yii\db\Connection->open()
#1 /var/www/va/data/www/shop.gointeractive.com.ua/advanced/vendor/yiisoft/yii2/db/Connection.php(930): yii\db\Connection->getMasterPdo()
#2 /var/www/va/data/www/shop.gointeractive.com.ua/advanced/vendor/yiisoft/yii2/db/Command.php(243): yii\db\Connection->getSlavePdo()
#3 /var/www/va/data/www/shop.gointeractive.com.ua/advanced/vendor/yiisoft/yii2/db/Command.php(1062): yii\db\Command->prepare('<span class="ke...')
#4 /var/www/va/data/www/shop.gointeractive.com.ua/advanced/vendor/yiisoft/yii2/db/Command.php(386): yii\db\Command->queryInternal('<span class="st...', '<span class="ke...')
#5 /var/www/va/data/www/shop.gointeractive.com.ua/advanced/vendor/yiisoft/yii2/db/Query.php(217): yii\db\Command->queryAll()
#6 /var/www/va/data/www/shop.gointeractive.com.ua/advanced/vendor/yiisoft/yii2/db/ActiveQuery.php(133): yii\db\Query->all('<span class="ke...')
#7 /var/www/va/data/www/shop.gointeractive.com.ua/advanced/frontend/controllers/SiteController.php(45): yii\db\ActiveQuery->all()
#8 [internal function]: frontend\controllers\SiteController->actionIndex()
#9 /var/www/va/data/www/shop.gointeractive.com.ua/advanced/vendor/yiisoft/yii2/base/InlineAction.php(57): call_user_func_array('[<span class="t...', '[]')
#10 /var/www/va/data/www/shop.gointeractive.com.ua/advanced/vendor/yiisoft/yii2/base/Controller.php(157): yii\base\InlineAction->runWithParams('[]')
#11 /var/www/va/data/www/shop.gointeractive.com.ua/advanced/vendor/yiisoft/yii2/base/Module.php(528): yii\base\Controller->runAction('<span class="st...', '[]')
#12 /var/www/va/data/www/shop.gointeractive.com.ua/advanced/vendor/yiisoft/yii2/web/Application.php(103): yii\base\Module->runAction('<span class="st...', '[]')
#13 /var/www/va/data/www/shop.gointeractive.com.ua/advanced/vendor/yiisoft/yii2/base/Application.php(386): yii\web\Application->handleRequest(Object(yii\web\Request))
#14 /var/www/va/data/www/shop.gointeractive.com.ua/advanced/shop/web/index.php(18): yii\base\Application->run()
#15 {main}
Additional Information:

2017-11-15 16:15:49 [194.183.181.249][-][-][warning][yii\debug\Module::checkAccess] Access to debugger is denied due to IP address restriction. The requesting IP address is 194.183.181.249
    in /var/www/va/data/www/shop.gointeractive.com.ua/advanced/vendor/rmrevin/yii2-minify-view/View.php:264
2017-11-15 16:15:49 [194.183.181.249][-][-][warning][yii\debug\Module::checkAccess] Access to debugger is denied due to IP address restriction. The requesting IP address is 194.183.181.249
2017-11-15 16:15:49 [194.183.181.249][-][-][info][application] $_COOKIE = [
    '_ga' => 'GA1.3.1101165721.1510674128'
    '_gid' => 'GA1.3.714106309.1510674128'
]

$_SERVER = [
    'PERL5LIB' => '/usr/share/awstats/lib:/usr/share/awstats/plugins'
    'HTTP_HOST' => 'shop.gointeractive.com.ua'
    'HTTP_CONNECTION' => 'keep-alive'
    'HTTP_CACHE_CONTROL' => 'max-age=0'
    'HTTP_USER_AGENT' => 'Mozilla/5.0 (Windows NT 6.1; Win64; x64) AppleWebKit/537.36 (KHTML, like Gecko) Chrome/61.0.3163.100 Safari/537.36'
    'HTTP_UPGRADE_INSECURE_REQUESTS' => '1'
    'HTTP_ACCEPT' => 'text/html,application/xhtml+xml,application/xml;q=0.9,image/webp,image/apng,*/*;q=0.8'
    'HTTP_ACCEPT_ENCODING' => 'gzip, deflate'
    'HTTP_ACCEPT_LANGUAGE' => 'ru-RU,ru;q=0.8,en-US;q=0.6,en;q=0.4,uk;q=0.2,ro;q=0.2'
    'HTTP_COOKIE' => '_ga=GA1.3.1101165721.1510674128; _gid=GA1.3.714106309.1510674128'
    'PATH' => '/sbin:/usr/sbin:/bin:/usr/bin'
    'SERVER_SIGNATURE' => '<address>Apache/2.2.22 (@RELEASE@) Server at shop.gointeractive.com.ua Port 80</address>
'
    'SERVER_SOFTWARE' => 'Apache/2.2.22 (@RELEASE@)'
    'SERVER_NAME' => 'shop.gointeractive.com.ua'
    'SERVER_ADDR' => '138.201.78.158'
    'SERVER_PORT' => '80'
    'REMOTE_ADDR' => '194.183.181.249'
    'DOCUMENT_ROOT' => '/var/www/va/data/www/shop.gointeractive.com.ua/advanced/shop/web'
    'SERVER_ADMIN' => 'webmaster@shop.gointeractive.com.ua'
    'SCRIPT_FILENAME' => '/var/www/va/data/www/shop.gointeractive.com.ua/advanced/shop/web/index.php'
    'REMOTE_PORT' => '57202'
    'GATEWAY_INTERFACE' => 'CGI/1.1'
    'SERVER_PROTOCOL' => 'HTTP/1.1'
    'REQUEST_METHOD' => 'GET'
    'QUERY_STRING' => ''
    'REQUEST_URI' => '/'
    'SCRIPT_NAME' => '/index.php'
    'PHP_SELF' => '/index.php'
    'REQUEST_TIME_FLOAT' => 1510755349.31
    'REQUEST_TIME' => 1510755349
]
2017-11-15 16:16:33 [194.183.181.249][-][-][error][yii\db\Exception] exception 'PDOException' with message 'SQLSTATE[HY000] [1045] Access denied for user 'root'@'localhost' (using password: NO)' in /var/www/va/data/www/shop.gointeractive.com.ua/advanced/vendor/yiisoft/yii2/db/Connection.php:660
Stack trace:
#0 /var/www/va/data/www/shop.gointeractive.com.ua/advanced/vendor/yiisoft/yii2/db/Connection.php(660): PDO->__construct('mysql:host=loca...', 'root', '', NULL)
#1 /var/www/va/data/www/shop.gointeractive.com.ua/advanced/vendor/yiisoft/yii2/db/Connection.php(586): yii\db\Connection->createPdoInstance()
#2 /var/www/va/data/www/shop.gointeractive.com.ua/advanced/vendor/yiisoft/yii2/db/Connection.php(943): yii\db\Connection->open()
#3 /var/www/va/data/www/shop.gointeractive.com.ua/advanced/vendor/yiisoft/yii2/db/Connection.php(930): yii\db\Connection->getMasterPdo()
#4 /var/www/va/data/www/shop.gointeractive.com.ua/advanced/vendor/yiisoft/yii2/db/Command.php(243): yii\db\Connection->getSlavePdo()
#5 /var/www/va/data/www/shop.gointeractive.com.ua/advanced/vendor/yiisoft/yii2/db/Command.php(1062): yii\db\Command->prepare('<span class="ke...')
#6 /var/www/va/data/www/shop.gointeractive.com.ua/advanced/vendor/yiisoft/yii2/db/Command.php(386): yii\db\Command->queryInternal('<span class="st...', '<span class="ke...')
#7 /var/www/va/data/www/shop.gointeractive.com.ua/advanced/vendor/yiisoft/yii2/db/Query.php(217): yii\db\Command->queryAll()
#8 /var/www/va/data/www/shop.gointeractive.com.ua/advanced/vendor/yiisoft/yii2/db/ActiveQuery.php(133): yii\db\Query->all('<span class="ke...')
#9 /var/www/va/data/www/shop.gointeractive.com.ua/advanced/frontend/controllers/SiteController.php(45): yii\db\ActiveQuery->all()
#10 [internal function]: frontend\controllers\SiteController->actionIndex()
#11 /var/www/va/data/www/shop.gointeractive.com.ua/advanced/vendor/yiisoft/yii2/base/InlineAction.php(57): call_user_func_array('[<span class="t...', '[]')
#12 /var/www/va/data/www/shop.gointeractive.com.ua/advanced/vendor/yiisoft/yii2/base/Controller.php(157): yii\base\InlineAction->runWithParams('[]')
#13 /var/www/va/data/www/shop.gointeractive.com.ua/advanced/vendor/yiisoft/yii2/base/Module.php(528): yii\base\Controller->runAction('<span class="st...', '[]')
#14 /var/www/va/data/www/shop.gointeractive.com.ua/advanced/vendor/yiisoft/yii2/web/Application.php(103): yii\base\Module->runAction('<span class="st...', '[]')
#15 /var/www/va/data/www/shop.gointeractive.com.ua/advanced/vendor/yiisoft/yii2/base/Application.php(386): yii\web\Application->handleRequest(Object(yii\web\Request))
#16 /var/www/va/data/www/shop.gointeractive.com.ua/advanced/shop/web/index.php(18): yii\base\Application->run()
#17 {main}

Next exception 'yii\db\Exception' with message 'SQLSTATE[HY000] [1045] Access denied for user 'root'@'localhost' (using password: NO)' in /var/www/va/data/www/shop.gointeractive.com.ua/advanced/vendor/yiisoft/yii2/db/Connection.php:597
Stack trace:
#0 /var/www/va/data/www/shop.gointeractive.com.ua/advanced/vendor/yiisoft/yii2/db/Connection.php(943): yii\db\Connection->open()
#1 /var/www/va/data/www/shop.gointeractive.com.ua/advanced/vendor/yiisoft/yii2/db/Connection.php(930): yii\db\Connection->getMasterPdo()
#2 /var/www/va/data/www/shop.gointeractive.com.ua/advanced/vendor/yiisoft/yii2/db/Command.php(243): yii\db\Connection->getSlavePdo()
#3 /var/www/va/data/www/shop.gointeractive.com.ua/advanced/vendor/yiisoft/yii2/db/Command.php(1062): yii\db\Command->prepare('<span class="ke...')
#4 /var/www/va/data/www/shop.gointeractive.com.ua/advanced/vendor/yiisoft/yii2/db/Command.php(386): yii\db\Command->queryInternal('<span class="st...', '<span class="ke...')
#5 /var/www/va/data/www/shop.gointeractive.com.ua/advanced/vendor/yiisoft/yii2/db/Query.php(217): yii\db\Command->queryAll()
#6 /var/www/va/data/www/shop.gointeractive.com.ua/advanced/vendor/yiisoft/yii2/db/ActiveQuery.php(133): yii\db\Query->all('<span class="ke...')
#7 /var/www/va/data/www/shop.gointeractive.com.ua/advanced/frontend/controllers/SiteController.php(45): yii\db\ActiveQuery->all()
#8 [internal function]: frontend\controllers\SiteController->actionIndex()
#9 /var/www/va/data/www/shop.gointeractive.com.ua/advanced/vendor/yiisoft/yii2/base/InlineAction.php(57): call_user_func_array('[<span class="t...', '[]')
#10 /var/www/va/data/www/shop.gointeractive.com.ua/advanced/vendor/yiisoft/yii2/base/Controller.php(157): yii\base\InlineAction->runWithParams('[]')
#11 /var/www/va/data/www/shop.gointeractive.com.ua/advanced/vendor/yiisoft/yii2/base/Module.php(528): yii\base\Controller->runAction('<span class="st...', '[]')
#12 /var/www/va/data/www/shop.gointeractive.com.ua/advanced/vendor/yiisoft/yii2/web/Application.php(103): yii\base\Module->runAction('<span class="st...', '[]')
#13 /var/www/va/data/www/shop.gointeractive.com.ua/advanced/vendor/yiisoft/yii2/base/Application.php(386): yii\web\Application->handleRequest(Object(yii\web\Request))
#14 /var/www/va/data/www/shop.gointeractive.com.ua/advanced/shop/web/index.php(18): yii\base\Application->run()
#15 {main}
Additional Information:

2017-11-15 16:16:33 [194.183.181.249][-][-][warning][yii\debug\Module::checkAccess] Access to debugger is denied due to IP address restriction. The requesting IP address is 194.183.181.249
    in /var/www/va/data/www/shop.gointeractive.com.ua/advanced/vendor/rmrevin/yii2-minify-view/View.php:264
2017-11-15 16:16:33 [194.183.181.249][-][-][warning][yii\debug\Module::checkAccess] Access to debugger is denied due to IP address restriction. The requesting IP address is 194.183.181.249
2017-11-15 16:16:33 [194.183.181.249][-][-][info][application] $_COOKIE = [
    '_ga' => 'GA1.3.1101165721.1510674128'
    '_gid' => 'GA1.3.714106309.1510674128'
]

$_SERVER = [
    'PERL5LIB' => '/usr/share/awstats/lib:/usr/share/awstats/plugins'
    'HTTP_HOST' => 'shop.gointeractive.com.ua'
    'HTTP_CONNECTION' => 'keep-alive'
    'HTTP_CACHE_CONTROL' => 'max-age=0'
    'HTTP_USER_AGENT' => 'Mozilla/5.0 (Windows NT 6.1; Win64; x64) AppleWebKit/537.36 (KHTML, like Gecko) Chrome/61.0.3163.100 Safari/537.36'
    'HTTP_UPGRADE_INSECURE_REQUESTS' => '1'
    'HTTP_ACCEPT' => 'text/html,application/xhtml+xml,application/xml;q=0.9,image/webp,image/apng,*/*;q=0.8'
    'HTTP_ACCEPT_ENCODING' => 'gzip, deflate'
    'HTTP_ACCEPT_LANGUAGE' => 'ru-RU,ru;q=0.8,en-US;q=0.6,en;q=0.4,uk;q=0.2,ro;q=0.2'
    'HTTP_COOKIE' => '_ga=GA1.3.1101165721.1510674128; _gid=GA1.3.714106309.1510674128'
    'PATH' => '/sbin:/usr/sbin:/bin:/usr/bin'
    'SERVER_SIGNATURE' => '<address>Apache/2.2.22 (@RELEASE@) Server at shop.gointeractive.com.ua Port 80</address>
'
    'SERVER_SOFTWARE' => 'Apache/2.2.22 (@RELEASE@)'
    'SERVER_NAME' => 'shop.gointeractive.com.ua'
    'SERVER_ADDR' => '138.201.78.158'
    'SERVER_PORT' => '80'
    'REMOTE_ADDR' => '194.183.181.249'
    'DOCUMENT_ROOT' => '/var/www/va/data/www/shop.gointeractive.com.ua/advanced/shop/web'
    'SERVER_ADMIN' => 'webmaster@shop.gointeractive.com.ua'
    'SCRIPT_FILENAME' => '/var/www/va/data/www/shop.gointeractive.com.ua/advanced/shop/web/index.php'
    'REMOTE_PORT' => '57207'
    'GATEWAY_INTERFACE' => 'CGI/1.1'
    'SERVER_PROTOCOL' => 'HTTP/1.1'
    'REQUEST_METHOD' => 'GET'
    'QUERY_STRING' => ''
    'REQUEST_URI' => '/'
    'SCRIPT_NAME' => '/index.php'
    'PHP_SELF' => '/index.php'
    'REQUEST_TIME_FLOAT' => 1510755393.151
    'REQUEST_TIME' => 1510755393
]
2017-11-15 16:16:38 [194.183.181.249][-][-][error][yii\db\Exception] exception 'PDOException' with message 'SQLSTATE[HY000] [1045] Access denied for user 'root'@'localhost' (using password: NO)' in /var/www/va/data/www/shop.gointeractive.com.ua/advanced/vendor/yiisoft/yii2/db/Connection.php:660
Stack trace:
#0 /var/www/va/data/www/shop.gointeractive.com.ua/advanced/vendor/yiisoft/yii2/db/Connection.php(660): PDO->__construct('mysql:host=loca...', 'root', '', NULL)
#1 /var/www/va/data/www/shop.gointeractive.com.ua/advanced/vendor/yiisoft/yii2/db/Connection.php(586): yii\db\Connection->createPdoInstance()
#2 /var/www/va/data/www/shop.gointeractive.com.ua/advanced/vendor/yiisoft/yii2/db/Connection.php(943): yii\db\Connection->open()
#3 /var/www/va/data/www/shop.gointeractive.com.ua/advanced/vendor/yiisoft/yii2/db/Connection.php(930): yii\db\Connection->getMasterPdo()
#4 /var/www/va/data/www/shop.gointeractive.com.ua/advanced/vendor/yiisoft/yii2/db/Command.php(243): yii\db\Connection->getSlavePdo()
#5 /var/www/va/data/www/shop.gointeractive.com.ua/advanced/vendor/yiisoft/yii2/db/Command.php(1062): yii\db\Command->prepare('<span class="ke...')
#6 /var/www/va/data/www/shop.gointeractive.com.ua/advanced/vendor/yiisoft/yii2/db/Command.php(386): yii\db\Command->queryInternal('<span class="st...', '<span class="ke...')
#7 /var/www/va/data/www/shop.gointeractive.com.ua/advanced/vendor/yiisoft/yii2/db/Query.php(217): yii\db\Command->queryAll()
#8 /var/www/va/data/www/shop.gointeractive.com.ua/advanced/vendor/yiisoft/yii2/db/ActiveQuery.php(133): yii\db\Query->all('<span class="ke...')
#9 /var/www/va/data/www/shop.gointeractive.com.ua/advanced/frontend/controllers/SiteController.php(45): yii\db\ActiveQuery->all()
#10 [internal function]: frontend\controllers\SiteController->actionIndex()
#11 /var/www/va/data/www/shop.gointeractive.com.ua/advanced/vendor/yiisoft/yii2/base/InlineAction.php(57): call_user_func_array('[<span class="t...', '[]')
#12 /var/www/va/data/www/shop.gointeractive.com.ua/advanced/vendor/yiisoft/yii2/base/Controller.php(157): yii\base\InlineAction->runWithParams('[]')
#13 /var/www/va/data/www/shop.gointeractive.com.ua/advanced/vendor/yiisoft/yii2/base/Module.php(528): yii\base\Controller->runAction('<span class="st...', '[]')
#14 /var/www/va/data/www/shop.gointeractive.com.ua/advanced/vendor/yiisoft/yii2/web/Application.php(103): yii\base\Module->runAction('<span class="st...', '[]')
#15 /var/www/va/data/www/shop.gointeractive.com.ua/advanced/vendor/yiisoft/yii2/base/Application.php(386): yii\web\Application->handleRequest(Object(yii\web\Request))
#16 /var/www/va/data/www/shop.gointeractive.com.ua/advanced/shop/web/index.php(18): yii\base\Application->run()
#17 {main}

Next exception 'yii\db\Exception' with message 'SQLSTATE[HY000] [1045] Access denied for user 'root'@'localhost' (using password: NO)' in /var/www/va/data/www/shop.gointeractive.com.ua/advanced/vendor/yiisoft/yii2/db/Connection.php:597
Stack trace:
#0 /var/www/va/data/www/shop.gointeractive.com.ua/advanced/vendor/yiisoft/yii2/db/Connection.php(943): yii\db\Connection->open()
#1 /var/www/va/data/www/shop.gointeractive.com.ua/advanced/vendor/yiisoft/yii2/db/Connection.php(930): yii\db\Connection->getMasterPdo()
#2 /var/www/va/data/www/shop.gointeractive.com.ua/advanced/vendor/yiisoft/yii2/db/Command.php(243): yii\db\Connection->getSlavePdo()
#3 /var/www/va/data/www/shop.gointeractive.com.ua/advanced/vendor/yiisoft/yii2/db/Command.php(1062): yii\db\Command->prepare('<span class="ke...')
#4 /var/www/va/data/www/shop.gointeractive.com.ua/advanced/vendor/yiisoft/yii2/db/Command.php(386): yii\db\Command->queryInternal('<span class="st...', '<span class="ke...')
#5 /var/www/va/data/www/shop.gointeractive.com.ua/advanced/vendor/yiisoft/yii2/db/Query.php(217): yii\db\Command->queryAll()
#6 /var/www/va/data/www/shop.gointeractive.com.ua/advanced/vendor/yiisoft/yii2/db/ActiveQuery.php(133): yii\db\Query->all('<span class="ke...')
#7 /var/www/va/data/www/shop.gointeractive.com.ua/advanced/frontend/controllers/SiteController.php(45): yii\db\ActiveQuery->all()
#8 [internal function]: frontend\controllers\SiteController->actionIndex()
#9 /var/www/va/data/www/shop.gointeractive.com.ua/advanced/vendor/yiisoft/yii2/base/InlineAction.php(57): call_user_func_array('[<span class="t...', '[]')
#10 /var/www/va/data/www/shop.gointeractive.com.ua/advanced/vendor/yiisoft/yii2/base/Controller.php(157): yii\base\InlineAction->runWithParams('[]')
#11 /var/www/va/data/www/shop.gointeractive.com.ua/advanced/vendor/yiisoft/yii2/base/Module.php(528): yii\base\Controller->runAction('<span class="st...', '[]')
#12 /var/www/va/data/www/shop.gointeractive.com.ua/advanced/vendor/yiisoft/yii2/web/Application.php(103): yii\base\Module->runAction('<span class="st...', '[]')
#13 /var/www/va/data/www/shop.gointeractive.com.ua/advanced/vendor/yiisoft/yii2/base/Application.php(386): yii\web\Application->handleRequest(Object(yii\web\Request))
#14 /var/www/va/data/www/shop.gointeractive.com.ua/advanced/shop/web/index.php(18): yii\base\Application->run()
#15 {main}
Additional Information:

2017-11-15 16:16:38 [194.183.181.249][-][-][warning][yii\debug\Module::checkAccess] Access to debugger is denied due to IP address restriction. The requesting IP address is 194.183.181.249
    in /var/www/va/data/www/shop.gointeractive.com.ua/advanced/vendor/rmrevin/yii2-minify-view/View.php:264
2017-11-15 16:16:38 [194.183.181.249][-][-][warning][yii\debug\Module::checkAccess] Access to debugger is denied due to IP address restriction. The requesting IP address is 194.183.181.249
2017-11-15 16:16:38 [194.183.181.249][-][-][info][application] $_COOKIE = [
    '_ga' => 'GA1.3.1101165721.1510674128'
    '_gid' => 'GA1.3.714106309.1510674128'
]

$_SERVER = [
    'PERL5LIB' => '/usr/share/awstats/lib:/usr/share/awstats/plugins'
    'HTTP_HOST' => 'shop.gointeractive.com.ua'
    'HTTP_CONNECTION' => 'keep-alive'
    'HTTP_CACHE_CONTROL' => 'max-age=0'
    'HTTP_USER_AGENT' => 'Mozilla/5.0 (Windows NT 6.1; Win64; x64) AppleWebKit/537.36 (KHTML, like Gecko) Chrome/61.0.3163.100 Safari/537.36'
    'HTTP_UPGRADE_INSECURE_REQUESTS' => '1'
    'HTTP_ACCEPT' => 'text/html,application/xhtml+xml,application/xml;q=0.9,image/webp,image/apng,*/*;q=0.8'
    'HTTP_ACCEPT_ENCODING' => 'gzip, deflate'
    'HTTP_ACCEPT_LANGUAGE' => 'ru-RU,ru;q=0.8,en-US;q=0.6,en;q=0.4,uk;q=0.2,ro;q=0.2'
    'HTTP_COOKIE' => '_ga=GA1.3.1101165721.1510674128; _gid=GA1.3.714106309.1510674128'
    'PATH' => '/sbin:/usr/sbin:/bin:/usr/bin'
    'SERVER_SIGNATURE' => '<address>Apache/2.2.22 (@RELEASE@) Server at shop.gointeractive.com.ua Port 80</address>
'
    'SERVER_SOFTWARE' => 'Apache/2.2.22 (@RELEASE@)'
    'SERVER_NAME' => 'shop.gointeractive.com.ua'
    'SERVER_ADDR' => '138.201.78.158'
    'SERVER_PORT' => '80'
    'REMOTE_ADDR' => '194.183.181.249'
    'DOCUMENT_ROOT' => '/var/www/va/data/www/shop.gointeractive.com.ua/advanced/shop/web'
    'SERVER_ADMIN' => 'webmaster@shop.gointeractive.com.ua'
    'SCRIPT_FILENAME' => '/var/www/va/data/www/shop.gointeractive.com.ua/advanced/shop/web/index.php'
    'REMOTE_PORT' => '57206'
    'GATEWAY_INTERFACE' => 'CGI/1.1'
    'SERVER_PROTOCOL' => 'HTTP/1.1'
    'REQUEST_METHOD' => 'GET'
    'QUERY_STRING' => ''
    'REQUEST_URI' => '/'
    'SCRIPT_NAME' => '/index.php'
    'PHP_SELF' => '/index.php'
    'REQUEST_TIME_FLOAT' => 1510755398.12
    'REQUEST_TIME' => 1510755398
]
2017-11-15 16:17:41 [194.183.181.249][-][-][error][yii\base\ViewNotFoundException] exception 'yii\base\ViewNotFoundException' with message 'The view file does not exist: /var/www/va/data/www/shop.gointeractive.com.ua/advanced/shop/views/site/index.php' in /var/www/va/data/www/shop.gointeractive.com.ua/advanced/vendor/yiisoft/yii2/base/View.php:229
Stack trace:
#0 /var/www/va/data/www/shop.gointeractive.com.ua/advanced/vendor/yiisoft/yii2/base/View.php(152): yii\base\View->renderFile('/var/www/va/dat...', Array, Object(frontend\controllers\SiteController))
#1 /var/www/va/data/www/shop.gointeractive.com.ua/advanced/vendor/yiisoft/yii2/base/Controller.php(384): yii\base\View->render('index', Array, Object(frontend\controllers\SiteController))
#2 /var/www/va/data/www/shop.gointeractive.com.ua/advanced/frontend/controllers/SiteController.php(47): yii\base\Controller->render('index', Array)
#3 [internal function]: frontend\controllers\SiteController->actionIndex()
#4 /var/www/va/data/www/shop.gointeractive.com.ua/advanced/vendor/yiisoft/yii2/base/InlineAction.php(57): call_user_func_array(Array, Array)
#5 /var/www/va/data/www/shop.gointeractive.com.ua/advanced/vendor/yiisoft/yii2/base/Controller.php(157): yii\base\InlineAction->runWithParams(Array)
#6 /var/www/va/data/www/shop.gointeractive.com.ua/advanced/vendor/yiisoft/yii2/base/Module.php(528): yii\base\Controller->runAction('index', Array)
#7 /var/www/va/data/www/shop.gointeractive.com.ua/advanced/vendor/yiisoft/yii2/web/Application.php(103): yii\base\Module->runAction('site/index', Array)
#8 /var/www/va/data/www/shop.gointeractive.com.ua/advanced/vendor/yiisoft/yii2/base/Application.php(386): yii\web\Application->handleRequest(Object(yii\web\Request))
#9 /var/www/va/data/www/shop.gointeractive.com.ua/advanced/shop/web/index.php(18): yii\base\Application->run()
#10 {main}
2017-11-15 16:17:41 [194.183.181.249][-][-][warning][yii\debug\Module::checkAccess] Access to debugger is denied due to IP address restriction. The requesting IP address is 194.183.181.249
    in /var/www/va/data/www/shop.gointeractive.com.ua/advanced/vendor/rmrevin/yii2-minify-view/View.php:264
2017-11-15 16:17:41 [194.183.181.249][-][-][warning][yii\debug\Module::checkAccess] Access to debugger is denied due to IP address restriction. The requesting IP address is 194.183.181.249
2017-11-15 16:17:41 [194.183.181.249][-][-][info][application] $_COOKIE = [
    '_ga' => 'GA1.3.1101165721.1510674128'
    '_gid' => 'GA1.3.714106309.1510674128'
]

$_SERVER = [
    'PERL5LIB' => '/usr/share/awstats/lib:/usr/share/awstats/plugins'
    'HTTP_HOST' => 'shop.gointeractive.com.ua'
    'HTTP_CONNECTION' => 'keep-alive'
    'HTTP_CACHE_CONTROL' => 'max-age=0'
    'HTTP_USER_AGENT' => 'Mozilla/5.0 (Windows NT 6.1; Win64; x64) AppleWebKit/537.36 (KHTML, like Gecko) Chrome/61.0.3163.100 Safari/537.36'
    'HTTP_UPGRADE_INSECURE_REQUESTS' => '1'
    'HTTP_ACCEPT' => 'text/html,application/xhtml+xml,application/xml;q=0.9,image/webp,image/apng,*/*;q=0.8'
    'HTTP_ACCEPT_ENCODING' => 'gzip, deflate'
    'HTTP_ACCEPT_LANGUAGE' => 'ru-RU,ru;q=0.8,en-US;q=0.6,en;q=0.4,uk;q=0.2,ro;q=0.2'
    'HTTP_COOKIE' => '_ga=GA1.3.1101165721.1510674128; _gid=GA1.3.714106309.1510674128'
    'PATH' => '/sbin:/usr/sbin:/bin:/usr/bin'
    'SERVER_SIGNATURE' => '<address>Apache/2.2.22 (@RELEASE@) Server at shop.gointeractive.com.ua Port 80</address>
'
    'SERVER_SOFTWARE' => 'Apache/2.2.22 (@RELEASE@)'
    'SERVER_NAME' => 'shop.gointeractive.com.ua'
    'SERVER_ADDR' => '138.201.78.158'
    'SERVER_PORT' => '80'
    'REMOTE_ADDR' => '194.183.181.249'
    'DOCUMENT_ROOT' => '/var/www/va/data/www/shop.gointeractive.com.ua/advanced/shop/web'
    'SERVER_ADMIN' => 'webmaster@shop.gointeractive.com.ua'
    'SCRIPT_FILENAME' => '/var/www/va/data/www/shop.gointeractive.com.ua/advanced/shop/web/index.php'
    'REMOTE_PORT' => '57216'
    'GATEWAY_INTERFACE' => 'CGI/1.1'
    'SERVER_PROTOCOL' => 'HTTP/1.1'
    'REQUEST_METHOD' => 'GET'
    'QUERY_STRING' => ''
    'REQUEST_URI' => '/'
    'SCRIPT_NAME' => '/index.php'
    'PHP_SELF' => '/index.php'
    'REQUEST_TIME_FLOAT' => 1510755461.66
    'REQUEST_TIME' => 1510755461
]
2017-11-15 16:18:22 [194.183.181.249][-][-][error][yii\base\ViewNotFoundException] exception 'yii\base\ViewNotFoundException' with message 'The view file does not exist: /var/www/va/data/www/shop.gointeractive.com.ua/advanced/shop/views/layouts/main.php' in /var/www/va/data/www/shop.gointeractive.com.ua/advanced/vendor/yiisoft/yii2/base/View.php:229
Stack trace:
#0 /var/www/va/data/www/shop.gointeractive.com.ua/advanced/vendor/yiisoft/yii2/base/Controller.php(399): yii\base\View->renderFile('/var/www/va/dat...', Array, Object(frontend\controllers\SiteController))
#1 /var/www/va/data/www/shop.gointeractive.com.ua/advanced/vendor/yiisoft/yii2/base/Controller.php(385): yii\base\Controller->renderContent('')
#2 /var/www/va/data/www/shop.gointeractive.com.ua/advanced/frontend/controllers/SiteController.php(47): yii\base\Controller->render('index', Array)
#3 [internal function]: frontend\controllers\SiteController->actionIndex()
#4 /var/www/va/data/www/shop.gointeractive.com.ua/advanced/vendor/yiisoft/yii2/base/InlineAction.php(57): call_user_func_array(Array, Array)
#5 /var/www/va/data/www/shop.gointeractive.com.ua/advanced/vendor/yiisoft/yii2/base/Controller.php(157): yii\base\InlineAction->runWithParams(Array)
#6 /var/www/va/data/www/shop.gointeractive.com.ua/advanced/vendor/yiisoft/yii2/base/Module.php(528): yii\base\Controller->runAction('index', Array)
#7 /var/www/va/data/www/shop.gointeractive.com.ua/advanced/vendor/yiisoft/yii2/web/Application.php(103): yii\base\Module->runAction('site/index', Array)
#8 /var/www/va/data/www/shop.gointeractive.com.ua/advanced/vendor/yiisoft/yii2/base/Application.php(386): yii\web\Application->handleRequest(Object(yii\web\Request))
#9 /var/www/va/data/www/shop.gointeractive.com.ua/advanced/shop/web/index.php(18): yii\base\Application->run()
#10 {main}
2017-11-15 16:18:22 [194.183.181.249][-][-][warning][yii\debug\Module::checkAccess] Access to debugger is denied due to IP address restriction. The requesting IP address is 194.183.181.249
    in /var/www/va/data/www/shop.gointeractive.com.ua/advanced/vendor/rmrevin/yii2-minify-view/View.php:264
2017-11-15 16:18:22 [194.183.181.249][-][-][warning][yii\debug\Module::checkAccess] Access to debugger is denied due to IP address restriction. The requesting IP address is 194.183.181.249
2017-11-15 16:18:22 [194.183.181.249][-][-][info][application] $_COOKIE = [
    '_ga' => 'GA1.3.1101165721.1510674128'
    '_gid' => 'GA1.3.714106309.1510674128'
]

$_SERVER = [
    'PERL5LIB' => '/usr/share/awstats/lib:/usr/share/awstats/plugins'
    'HTTP_HOST' => 'shop.gointeractive.com.ua'
    'HTTP_CONNECTION' => 'keep-alive'
    'HTTP_CACHE_CONTROL' => 'max-age=0'
    'HTTP_USER_AGENT' => 'Mozilla/5.0 (Windows NT 6.1; Win64; x64) AppleWebKit/537.36 (KHTML, like Gecko) Chrome/61.0.3163.100 Safari/537.36'
    'HTTP_UPGRADE_INSECURE_REQUESTS' => '1'
    'HTTP_ACCEPT' => 'text/html,application/xhtml+xml,application/xml;q=0.9,image/webp,image/apng,*/*;q=0.8'
    'HTTP_ACCEPT_ENCODING' => 'gzip, deflate'
    'HTTP_ACCEPT_LANGUAGE' => 'ru-RU,ru;q=0.8,en-US;q=0.6,en;q=0.4,uk;q=0.2,ro;q=0.2'
    'HTTP_COOKIE' => '_ga=GA1.3.1101165721.1510674128; _gid=GA1.3.714106309.1510674128'
    'PATH' => '/sbin:/usr/sbin:/bin:/usr/bin'
    'SERVER_SIGNATURE' => '<address>Apache/2.2.22 (@RELEASE@) Server at shop.gointeractive.com.ua Port 80</address>
'
    'SERVER_SOFTWARE' => 'Apache/2.2.22 (@RELEASE@)'
    'SERVER_NAME' => 'shop.gointeractive.com.ua'
    'SERVER_ADDR' => '138.201.78.158'
    'SERVER_PORT' => '80'
    'REMOTE_ADDR' => '194.183.181.249'
    'DOCUMENT_ROOT' => '/var/www/va/data/www/shop.gointeractive.com.ua/advanced/shop/web'
    'SERVER_ADMIN' => 'webmaster@shop.gointeractive.com.ua'
    'SCRIPT_FILENAME' => '/var/www/va/data/www/shop.gointeractive.com.ua/advanced/shop/web/index.php'
    'REMOTE_PORT' => '57226'
    'GATEWAY_INTERFACE' => 'CGI/1.1'
    'SERVER_PROTOCOL' => 'HTTP/1.1'
    'REQUEST_METHOD' => 'GET'
    'QUERY_STRING' => ''
    'REQUEST_URI' => '/'
    'SCRIPT_NAME' => '/index.php'
    'PHP_SELF' => '/index.php'
    'REQUEST_TIME_FLOAT' => 1510755502.227
    'REQUEST_TIME' => 1510755502
]
2017-11-15 16:18:42 [194.183.181.249][-][-][warning][yii\debug\Module::checkAccess] Access to debugger is denied due to IP address restriction. The requesting IP address is 194.183.181.249
2017-11-15 16:18:42 [194.183.181.249][-][-][info][application] $_COOKIE = [
    '_ga' => 'GA1.3.1101165721.1510674128'
    '_gid' => 'GA1.3.714106309.1510674128'
]

$_SERVER = [
    'PERL5LIB' => '/usr/share/awstats/lib:/usr/share/awstats/plugins'
    'HTTP_HOST' => 'shop.gointeractive.com.ua'
    'HTTP_CONNECTION' => 'keep-alive'
    'HTTP_CACHE_CONTROL' => 'max-age=0'
    'HTTP_USER_AGENT' => 'Mozilla/5.0 (Windows NT 6.1; Win64; x64) AppleWebKit/537.36 (KHTML, like Gecko) Chrome/61.0.3163.100 Safari/537.36'
    'HTTP_UPGRADE_INSECURE_REQUESTS' => '1'
    'HTTP_ACCEPT' => 'text/html,application/xhtml+xml,application/xml;q=0.9,image/webp,image/apng,*/*;q=0.8'
    'HTTP_ACCEPT_ENCODING' => 'gzip, deflate'
    'HTTP_ACCEPT_LANGUAGE' => 'ru-RU,ru;q=0.8,en-US;q=0.6,en;q=0.4,uk;q=0.2,ro;q=0.2'
    'HTTP_COOKIE' => '_ga=GA1.3.1101165721.1510674128; _gid=GA1.3.714106309.1510674128'
    'PATH' => '/sbin:/usr/sbin:/bin:/usr/bin'
    'SERVER_SIGNATURE' => '<address>Apache/2.2.22 (@RELEASE@) Server at shop.gointeractive.com.ua Port 80</address>
'
    'SERVER_SOFTWARE' => 'Apache/2.2.22 (@RELEASE@)'
    'SERVER_NAME' => 'shop.gointeractive.com.ua'
    'SERVER_ADDR' => '138.201.78.158'
    'SERVER_PORT' => '80'
    'REMOTE_ADDR' => '194.183.181.249'
    'DOCUMENT_ROOT' => '/var/www/va/data/www/shop.gointeractive.com.ua/advanced/shop/web'
    'SERVER_ADMIN' => 'webmaster@shop.gointeractive.com.ua'
    'SCRIPT_FILENAME' => '/var/www/va/data/www/shop.gointeractive.com.ua/advanced/shop/web/index.php'
    'REMOTE_PORT' => '57227'
    'GATEWAY_INTERFACE' => 'CGI/1.1'
    'SERVER_PROTOCOL' => 'HTTP/1.1'
    'REQUEST_METHOD' => 'GET'
    'QUERY_STRING' => ''
    'REQUEST_URI' => '/'
    'SCRIPT_NAME' => '/index.php'
    'PHP_SELF' => '/index.php'
    'REQUEST_TIME_FLOAT' => 1510755522.4
    'REQUEST_TIME' => 1510755522
]
